<?xml version="1.0" encoding="UTF-8"?>
<!-- Generated by org.testng.reporters.JUnitXMLReporter -->
<testsuite ignored="0" hostname="DESKTOP-N2M8SA0" failures="4" tests="5" name="Test" time="59.635" errors="0" timestamp="2025-06-05T12:01:15 IST">
  <testcase classname="testCases.TC003_LoginDDT" name="verifyLogin" time="4.508">
    <failure type="java.lang.AssertionError" message="expected [true] but found [false]">
      <![CDATA[java.lang.AssertionError: expected [true] but found [false]
at testCases.TC003_LoginDDT.verifyLogin(TC003_LoginDDT.java:59)
at java.base/java.util.ArrayList.forEach(ArrayList.java:1511)
... Removed 31 stack frames]]>
    </failure>
  </testcase> <!-- verifyLogin -->
  <testcase classname="testCases.TC003_LoginDDT" name="verifyLogin" time="12.802">
    <failure type="java.lang.AssertionError" message="expected [false] but found [true]">
      <![CDATA[java.lang.AssertionError: expected [false] but found [true]
at testCases.TC003_LoginDDT.verifyLogin(TC003_LoginDDT.java:35)
at java.base/java.util.ArrayList.forEach(ArrayList.java:1511)
... Removed 33 stack frames]]>
    </failure>
  </testcase> <!-- verifyLogin -->
  <testcase classname="testCases.TC003_LoginDDT" name="verifyLogin" time="12.669">
    <failure type="java.lang.AssertionError" message="expected [false] but found [true]">
      <![CDATA[java.lang.AssertionError: expected [false] but found [true]
at testCases.TC003_LoginDDT.verifyLogin(TC003_LoginDDT.java:35)
at java.base/java.util.ArrayList.forEach(ArrayList.java:1511)
... Removed 33 stack frames]]>
    </failure>
  </testcase> <!-- verifyLogin -->
  <testcase classname="testCases.TC003_LoginDDT" name="verifyLogin" time="12.71">
    <failure type="java.lang.AssertionError" message="expected [false] but found [true]">
      <![CDATA[java.lang.AssertionError: expected [false] but found [true]
at testCases.TC003_LoginDDT.verifyLogin(TC003_LoginDDT.java:35)
at java.base/java.util.ArrayList.forEach(ArrayList.java:1511)
... Removed 33 stack frames]]>
    </failure>
  </testcase> <!-- verifyLogin -->
  <testcase classname="testCases.TC003_LoginDDT" name="verifyLogin" time="3.873"/>
</testsuite> <!-- Test -->
